[19-Jan-2020 09:02:37] NOTICE: fpm is running, pid 99539
[19-Jan-2020 09:02:37] NOTICE: ready to handle connections
[19-Jan-2020 10:08:46] NOTICE: Terminating ...
[19-Jan-2020 10:08:46] NOTICE: Terminating ...
[19-Jan-2020 10:08:46] NOTICE: exiting, bye-bye!
[19-Jan-2020 10:08:47] NOTICE: fpm is running, pid 803
[19-Jan-2020 10:08:47] NOTICE: ready to handle connections
[20-Jan-2020 09:46:32] NOTICE: Terminating ...
[20-Jan-2020 09:46:32] NOTICE: Terminating ...
[20-Jan-2020 09:46:32] NOTICE: exiting, bye-bye!
[20-Jan-2020 11:07:00] NOTICE: fpm is running, pid 10889
[20-Jan-2020 11:07:00] NOTICE: ready to handle connections
[20-Jan-2020 11:37:03] NOTICE: Terminating ...
[20-Jan-2020 11:37:03] NOTICE: Terminating ...
[20-Jan-2020 11:37:03] NOTICE: exiting, bye-bye!
[20-Jan-2020 11:37:05] NOTICE: fpm is running, pid 11450
[20-Jan-2020 11:37:05] NOTICE: ready to handle connections
[20-Jan-2020 11:37:19] NOTICE: Terminating ...
[20-Jan-2020 11:37:19] NOTICE: Terminating ...
[20-Jan-2020 11:37:19] NOTICE: exiting, bye-bye!
[20-Jan-2020 11:37:22] NOTICE: fpm is running, pid 11498
[20-Jan-2020 11:37:22] NOTICE: ready to handle connections
[20-Jan-2020 11:38:00] NOTICE: Terminating ...
[20-Jan-2020 11:38:00] NOTICE: Terminating ...
[20-Jan-2020 11:38:00] NOTICE: exiting, bye-bye!
[20-Jan-2020 11:38:33] NOTICE: fpm is running, pid 11561
[20-Jan-2020 11:38:33] NOTICE: ready to handle connections
[20-Jan-2020 11:38:43] NOTICE: Terminating ...
[20-Jan-2020 11:38:43] NOTICE: Terminating ...
[20-Jan-2020 11:38:43] NOTICE: exiting, bye-bye!
[20-Jan-2020 11:41:24] NOTICE: fpm is running, pid 11644
[20-Jan-2020 11:41:24] NOTICE: ready to handle connections
[20-Jan-2020 11:43:01] NOTICE: Terminating ...
[20-Jan-2020 11:43:01] NOTICE: Terminating ...
[20-Jan-2020 11:43:01] NOTICE: exiting, bye-bye!
[20-Jan-2020 11:43:05] NOTICE: fpm is running, pid 11690
[20-Jan-2020 11:43:05] NOTICE: ready to handle connections
[20-Jan-2020 11:44:36] NOTICE: Terminating ...
[20-Jan-2020 11:44:36] NOTICE: Terminating ...
[20-Jan-2020 11:44:36] NOTICE: exiting, bye-bye!
[20-Jan-2020 11:44:38] NOTICE: fpm is running, pid 11760
[20-Jan-2020 11:44:38] NOTICE: ready to handle connections
[20-Jan-2020 19:08:36] NOTICE: Terminating ...
[20-Jan-2020 19:08:36] NOTICE: Terminating ...
[20-Jan-2020 19:08:36] NOTICE: exiting, bye-bye!
[21-Jan-2020 17:03:59] NOTICE: fpm is running, pid 9328
[21-Jan-2020 17:03:59] NOTICE: ready to handle connections
[21-Jan-2020 20:03:32] NOTICE: Terminating ...
[21-Jan-2020 20:03:32] NOTICE: Terminating ...
[21-Jan-2020 20:03:32] NOTICE: exiting, bye-bye!
[22-Jan-2020 18:15:55] NOTICE: fpm is running, pid 23189
[22-Jan-2020 18:15:55] NOTICE: ready to handle connections
[22-Jan-2020 18:57:02] NOTICE: Terminating ...
[22-Jan-2020 18:57:02] NOTICE: Terminating ...
[22-Jan-2020 18:57:02] NOTICE: exiting, bye-bye!
[26-Jan-2020 12:01:09] NOTICE: fpm is running, pid 13961
[26-Jan-2020 12:01:09] NOTICE: ready to handle connections
[26-Jan-2020 16:22:23] NOTICE: Terminating ...
[26-Jan-2020 16:22:23] NOTICE: Terminating ...
[26-Jan-2020 16:22:23] NOTICE: exiting, bye-bye!
[26-Jan-2020 18:08:52] NOTICE: fpm is running, pid 15896
[26-Jan-2020 18:08:52] NOTICE: ready to handle connections
[26-Jan-2020 18:42:30] NOTICE: Terminating ...
[26-Jan-2020 18:42:30] NOTICE: Terminating ...
[26-Jan-2020 18:42:30] NOTICE: exiting, bye-bye!
[10-Feb-2020 08:23:17] NOTICE: fpm is running, pid 25526
[10-Feb-2020 08:23:17] NOTICE: ready to handle connections
[10-Feb-2020 08:42:43] NOTICE: Terminating ...
[10-Feb-2020 08:42:43] NOTICE: Terminating ...
[10-Feb-2020 08:42:43] NOTICE: exiting, bye-bye!
[18-Feb-2020 21:27:49] NOTICE: fpm is running, pid 16106
[18-Feb-2020 21:27:49] NOTICE: ready to handle connections
[18-Feb-2020 21:47:44] WARNING: [pool www] child 16112 said into stderr: "libpng warning: Interlace handling should be turned on when using png_read_image"
[18-Feb-2020 21:47:45] WARNING: [pool www] child 16113 said into stderr: "libpng warning: Interlace handling should be turned on when using png_read_image"
[18-Feb-2020 21:47:45] WARNING: [pool www] child 16112 said into stderr: "libpng warning: Interlace handling should be turned on when using png_read_image"
[18-Feb-2020 21:47:46] WARNING: [pool www] child 16113 said into stderr: "libpng warning: Interlace handling should be turned on when using png_read_image"
[18-Feb-2020 21:47:46] WARNING: [pool www] child 16112 said into stderr: "libpng warning: Interlace handling should be turned on when using png_read_image"
[18-Feb-2020 21:48:05] WARNING: [pool www] child 16113 said into stderr: "libpng warning: Interlace handling should be turned on when using png_read_image"
[19-Feb-2020 08:35:23] NOTICE: Terminating ...
[19-Feb-2020 08:35:23] NOTICE: Terminating ...
[19-Feb-2020 08:35:23] NOTICE: exiting, bye-bye!
[19-Feb-2020 13:38:44] NOTICE: fpm is running, pid 23926
[19-Feb-2020 13:38:44] NOTICE: ready to handle connections
[19-Feb-2020 13:50:00] NOTICE: Terminating ...
[19-Feb-2020 13:50:00] NOTICE: Terminating ...
[19-Feb-2020 13:50:00] NOTICE: exiting, bye-bye!
[19-Feb-2020 18:29:06] NOTICE: fpm is running, pid 1106
[19-Feb-2020 18:29:06] NOTICE: ready to handle connections
[19-Feb-2020 18:52:06] NOTICE: Terminating ...
[19-Feb-2020 18:52:06] NOTICE: Terminating ...
[19-Feb-2020 18:52:06] NOTICE: exiting, bye-bye!
[20-Feb-2020 08:34:55] NOTICE: fpm is running, pid 3711
[20-Feb-2020 08:34:55] NOTICE: ready to handle connections
[20-Feb-2020 08:55:50] NOTICE: Terminating ...
[20-Feb-2020 08:55:50] NOTICE: Terminating ...
[20-Feb-2020 08:55:50] NOTICE: exiting, bye-bye!
[25-Feb-2020 18:45:49] NOTICE: fpm is running, pid 49176
[25-Feb-2020 18:45:49] NOTICE: ready to handle connections
[25-Feb-2020 19:10:58] NOTICE: Terminating ...
[25-Feb-2020 19:10:58] NOTICE: Terminating ...
[25-Feb-2020 19:10:58] NOTICE: exiting, bye-bye!
[25-Feb-2020 20:11:13] NOTICE: fpm is running, pid 49892
[25-Feb-2020 20:11:13] NOTICE: ready to handle connections
[25-Feb-2020 20:28:09] NOTICE: Terminating ...
[25-Feb-2020 20:28:09] NOTICE: Terminating ...
[25-Feb-2020 20:28:09] NOTICE: exiting, bye-bye!
[25-Feb-2020 22:17:41] NOTICE: fpm is running, pid 50898
[25-Feb-2020 22:17:41] NOTICE: ready to handle connections
[26-Feb-2020 08:41:50] NOTICE: Terminating ...
[26-Feb-2020 08:41:50] NOTICE: Terminating ...
[26-Feb-2020 08:41:50] NOTICE: exiting, bye-bye!
[26-Feb-2020 14:45:18] NOTICE: fpm is running, pid 54302
[26-Feb-2020 14:45:18] NOTICE: ready to handle connections
[26-Feb-2020 14:49:31] NOTICE: fpm is running, pid 647
[26-Feb-2020 14:49:31] NOTICE: ready to handle connections
[26-Feb-2020 14:54:56] NOTICE: Terminating ...
[26-Feb-2020 14:54:56] NOTICE: Terminating ...
[26-Feb-2020 14:54:56] NOTICE: exiting, bye-bye!
[26-Feb-2020 21:37:34] NOTICE: fpm is running, pid 3487
[26-Feb-2020 21:37:34] NOTICE: ready to handle connections
[26-Feb-2020 22:22:21] NOTICE: Terminating ...
[26-Feb-2020 22:22:21] NOTICE: Terminating ...
[26-Feb-2020 22:22:21] NOTICE: exiting, bye-bye!
[01-Mar-2020 08:05:56] NOTICE: fpm is running, pid 22674
[01-Mar-2020 08:05:56] NOTICE: ready to handle connections
[01-Mar-2020 09:06:34] WARNING: [pool www] child 22680 said into stderr: "libpng warning: Interlace handling should be turned on when using png_read_image"
[01-Mar-2020 09:28:06] WARNING: [pool www] child 22680 said into stderr: "libpng warning: Interlace handling should be turned on when using png_read_image"
[01-Mar-2020 09:28:20] WARNING: [pool www] child 22681 said into stderr: "libpng warning: Interlace handling should be turned on when using png_read_image"
[01-Mar-2020 09:31:27] WARNING: [pool www] child 22680 said into stderr: "libpng warning: Interlace handling should be turned on when using png_read_image"
[01-Mar-2020 11:43:17] WARNING: [pool www] child 22681 said into stderr: "libpng warning: Interlace handling should be turned on when using png_read_image"
[01-Mar-2020 11:45:44] NOTICE: Terminating ...
[01-Mar-2020 11:45:44] NOTICE: Terminating ...
[01-Mar-2020 11:45:44] NOTICE: exiting, bye-bye!
[01-Mar-2020 14:32:18] NOTICE: fpm is running, pid 25040
[01-Mar-2020 14:32:18] NOTICE: ready to handle connections
[01-Mar-2020 16:46:02] NOTICE: Terminating ...
[01-Mar-2020 16:46:02] NOTICE: Terminating ...
[01-Mar-2020 16:46:02] NOTICE: exiting, bye-bye!
[01-Mar-2020 20:24:27] NOTICE: fpm is running, pid 27415
[01-Mar-2020 20:24:27] NOTICE: ready to handle connections
[02-Mar-2020 08:26:40] NOTICE: Terminating ...
[02-Mar-2020 08:26:40] NOTICE: Terminating ...
[02-Mar-2020 08:26:40] NOTICE: exiting, bye-bye!
[02-Mar-2020 09:42:48] NOTICE: fpm is running, pid 30037
[02-Mar-2020 09:42:48] NOTICE: ready to handle connections
[02-Mar-2020 17:38:45] NOTICE: Terminating ...
[02-Mar-2020 17:38:45] NOTICE: Terminating ...
[02-Mar-2020 17:38:45] NOTICE: exiting, bye-bye!
[02-Mar-2020 20:05:57] NOTICE: fpm is running, pid 34403
[02-Mar-2020 20:05:57] NOTICE: ready to handle connections
[03-Mar-2020 08:05:52] NOTICE: Terminating ...
[03-Mar-2020 08:05:52] NOTICE: Terminating ...
[03-Mar-2020 08:05:52] NOTICE: exiting, bye-bye!
[03-Mar-2020 18:36:22] NOTICE: fpm is running, pid 5714
[03-Mar-2020 18:36:22] NOTICE: ready to handle connections
[03-Mar-2020 19:13:10] NOTICE: Terminating ...
[03-Mar-2020 19:13:10] NOTICE: Terminating ...
[03-Mar-2020 19:13:10] NOTICE: exiting, bye-bye!
[03-Mar-2020 21:24:08] NOTICE: fpm is running, pid 7023
[03-Mar-2020 21:24:08] NOTICE: ready to handle connections
[03-Mar-2020 21:24:13] NOTICE: Terminating ...
[03-Mar-2020 21:24:13] NOTICE: Terminating ...
[03-Mar-2020 21:24:13] NOTICE: exiting, bye-bye!
[06-Mar-2020 17:20:33] NOTICE: fpm is running, pid 30938
[06-Mar-2020 17:20:33] NOTICE: ready to handle connections
[06-Mar-2020 19:54:51] NOTICE: Terminating ...
[06-Mar-2020 19:54:51] NOTICE: Terminating ...
[06-Mar-2020 19:54:51] NOTICE: exiting, bye-bye!
[13-Apr-2020 10:10:13] NOTICE: fpm is running, pid 76845
[13-Apr-2020 10:10:13] NOTICE: ready to handle connections
[13-Apr-2020 10:26:51] WARNING: [pool www] child 76849 said into stderr: "libpng warning: Interlace handling should be turned on when using png_read_image"
[14-Apr-2020 09:26:40] NOTICE: Terminating ...
[14-Apr-2020 09:26:40] NOTICE: Terminating ...
[14-Apr-2020 09:26:40] NOTICE: exiting, bye-bye!
[17-Jun-2020 17:27:04] NOTICE: fpm is running, pid 61718
[17-Jun-2020 17:27:04] NOTICE: ready to handle connections
[18-Jun-2020 11:41:57] NOTICE: Terminating ...
[18-Jun-2020 11:41:57] NOTICE: Terminating ...
[18-Jun-2020 11:41:57] NOTICE: exiting, bye-bye!
[10-Jul-2020 09:33:23] NOTICE: fpm is running, pid 61224
[10-Jul-2020 09:33:23] NOTICE: ready to handle connections
